<?xml version="1.0" encoding="UTF-8"?>
<!-- Generated by org.testng.reporters.JUnitReportReporter -->
<testsuite hostname="DESKTOP-PPS1TL0" failures="0" tests="1" name="pagesTest.NewUserRegistrationTest" time="66.122" errors="0" timestamp="2023-12-20T21:35:20 EST" skipped="0">
  <testcase classname="pagesTest.NewUserRegistrationTest" name="newUserRegistrationTest" time="66.122"/>
  <system-out>
    <![CDATA[[[FirefoxDriver: firefox on windows (d49ff6fc-da5f-460b-97ac-fafb7a0acc89)] -> id: create_btn]<---------> is Enable<br>
[[FirefoxDriver: firefox on windows (d49ff6fc-da5f-460b-97ac-fafb7a0acc89)] -> id: create_btn] ---> Actual text : Create a new account. Expected text : Create a new account<br>
Proxy element for: DefaultElementLocator 'By.id: create_btn'<---------> has been clicked<br>
Sleeping ... zZz 3<br>
Current URL is : https://www.walgreens.com/register/regpersonalinfo?ru=%2F<br>
Actual Title is : Create Your Account | Walgreens ---> And Expected Title is :Create Your Account | Walgreens<br>
[[FirefoxDriver: firefox on windows (d49ff6fc-da5f-460b-97ac-fafb7a0acc89)] -> xpath: //h1[@class='wag-header-text wag-head-xs-mt10 mb15 text-color__blue-aa']] ---> Actual Header : Create Your Walgreens.com Account. Expected Header : Create Your Walgreens.com Account<br>
Sleeping ... zZz 5<br>
Current URL is : https://www.walgreens.com/register/regpersonalinfo?ru=%2F<br>
Actual Title is : Create Your Account | Walgreens ---> And Expected Title is :Create Your Account | Walgreens<br>
Sleeping ... zZz 3<br>
% & \" ( ) <-----> has been put into <-----> [[FirefoxDriver: firefox on windows (d49ff6fc-da5f-460b-97ac-fafb7a0acc89)] -> xpath: //input[@id='wag-RXUser-firstname']] and then clicked by Tab Key<br>
[[FirefoxDriver: firefox on windows (d49ff6fc-da5f-460b-97ac-fafb7a0acc89)] -> xpath: //span[text()='Please enter a valid first name only with letters.']] ---> Actual Error Message Under the field is : Please enter a valid first name only with letters.. And Expected was: Please enter a valid first name only with letters.<br>
Sleeping ... zZz 3<br>
The Text from the [[FirefoxDriver: firefox on windows (d49ff6fc-da5f-460b-97ac-fafb7a0acc89)] -> xpath: //input[@id='wag-RXUser-firstname']] ---> is cleared<br>
Sleeping ... zZz 3<br>
Arojit <-----> has been put into <-----> [[FirefoxDriver: firefox on windows (d49ff6fc-da5f-460b-97ac-fafb7a0acc89)] -> xpath: //input[@id='wag-RXUser-firstname']]<br>
Sleeping ... zZz 3<br>
% & \" ( ) <-----> has been put into <-----> [[FirefoxDriver: firefox on windows (d49ff6fc-da5f-460b-97ac-fafb7a0acc89)] -> xpath: //input[@id='wag-RXUser-lastname']] and then clicked by Tab Key<br>
[[FirefoxDriver: firefox on windows (d49ff6fc-da5f-460b-97ac-fafb7a0acc89)] -> xpath: //span[text()='Please enter a valid first name only with letters.']] ---> Actual Error Message Under the field is : Please enter a valid first name only with letters.. And Expected was: Please enter a valid first name only with letters.<br>
Sleeping ... zZz 3<br>
The Text from the [[FirefoxDriver: firefox on windows (d49ff6fc-da5f-460b-97ac-fafb7a0acc89)] -> xpath: //input[@id='wag-RXUser-lastname']] ---> is cleared<br>
Sleeping ... zZz 3<br>
Pronoy <-----> has been put into <-----> [[FirefoxDriver: firefox on windows (d49ff6fc-da5f-460b-97ac-fafb7a0acc89)] -> xpath: //input[@id='wag-RXUser-lastname']]<br>
Sleeping ... zZz 3<br>
[[FirefoxDriver: firefox on windows (d49ff6fc-da5f-460b-97ac-fafb7a0acc89)] -> xpath: //input[@name='registerData']]<---------> has been clicked<br>
antarmored@gmail.com <-----> has been put into <-----> [[FirefoxDriver: firefox on windows (d49ff6fc-da5f-460b-97ac-fafb7a0acc89)] -> xpath: //input[@name='registerData']]<br>
Sleeping ... zZz 3<br>
[[FirefoxDriver: firefox on windows (d49ff6fc-da5f-460b-97ac-fafb7a0acc89)] -> xpath: //input[@id='wag-password']]<---------> has been clicked<br>
232134214dsfg <-----> has been put into <-----> [[FirefoxDriver: firefox on windows (d49ff6fc-da5f-460b-97ac-fafb7a0acc89)] -> xpath: //input[@id='wag-password']]<br>
Sleeping ... zZz 2<br>
[[FirefoxDriver: firefox on windows (d49ff6fc-da5f-460b-97ac-fafb7a0acc89)] -> xpath: //input[@id='wag-terms-checkbox']]<---------> has been clicked<br>
[[FirefoxDriver: firefox on windows (d49ff6fc-da5f-460b-97ac-fafb7a0acc89)] -> xpath: //input[@id='wag-terms-checkbox']]<---------> is Enable<br>
Sleeping ... zZz 2<br>
[[FirefoxDriver: firefox on windows (d49ff6fc-da5f-460b-97ac-fafb7a0acc89)] -> partial link text: Continue]<---------> has been clicked<br>
Sleeping ... zZz 3<br>]]>
  </system-out>
</testsuite> <!-- pagesTest.NewUserRegistrationTest -->
