<?xml version="1.0" encoding="UTF-8"?>
<!-- Generated by org.testng.reporters.JUnitReportReporter -->
<testsuite hostname="DESKTOP-9MQP236" failures="0" tests="1" name="pagesTest.HomePageTest" time="11.713" errors="0" timestamp="2024-01-03T12:50:42 EST" skipped="0">
  <testcase classname="pagesTest.HomePageTest" name="useOfVaccinationsTest" time="11.713"/>
  <system-out/>
</testsuite> <!-- pagesTest.HomePageTest -->
